<?xml version="1.0" encoding="UTF-8"?>
<!-- Generated by org.testng.reporters.JUnitReportReporter -->
<testsuite hostname="LAPTOP-5KMFOFH9" failures="0" tests="1" name="com.seleniumWait.WebDriverWaitDemo" time="5.290" errors="0" timestamp="2024-11-13T19:32:54 IST" skipped="0">
  <testcase classname="com.seleniumWait.WebDriverWaitDemo" name="testExplicitWait" time="5.290"/>
  <system-out/>
</testsuite> <!-- com.seleniumWait.WebDriverWaitDemo -->
