<?xml version="1.0" encoding="UTF-8"?>
<!-- Generated by org.testng.reporters.JUnitReportReporter -->
<testsuite hostname="LAPTOP-5KMFOFH9" failures="0" tests="1" name="com.ActionsClass.MouseOverAction" time="9.099" errors="0" timestamp="2024-10-28T19:50:47 IST" skipped="0">
  <testcase classname="com.ActionsClass.MouseOverAction" name="testAction" time="9.099"/>
  <system-out/>
</testsuite> <!-- com.ActionsClass.MouseOverAction -->
