<?xml version="1.0" encoding="UTF-8"?>
<!-- Generated by org.testng.reporters.JUnitReportReporter -->
<testsuite hostname="LAPTOP-5KMFOFH9" failures="0" tests="3" name="com.SwagLab.TestCases.CartTest" time="5.296" errors="0" timestamp="2024-12-05T20:19:27 IST" skipped="0">
  <testcase classname="com.SwagLab.TestCases.CartTest" name="validateProductRemove" time="0.140"/>
  <system-out/>
  <testcase classname="com.SwagLab.TestCases.CartTest" name="validateContinueShopping" time="5.010"/>
  <system-out/>
  <testcase classname="com.SwagLab.TestCases.CartTest" name="validateLaunchingOfCheckOutPage" time="0.146"/>
  <system-out/>
</testsuite> <!-- com.SwagLab.TestCases.CartTest -->
