<?xml version="1.0" encoding="UTF-8"?>
<!-- Generated by org.testng.reporters.JUnitReportReporter -->
<testsuite hostname="LAPTOP-5KMFOFH9" failures="0" tests="1" name="com.ActionsClass.TooltipTesting" time="4.555" errors="0" timestamp="2024-10-29T19:37:10 IST" skipped="0">
  <testcase classname="com.ActionsClass.TooltipTesting" name="testTooltip" time="4.555"/>
  <system-out/>
</testsuite> <!-- com.ActionsClass.TooltipTesting -->
