<?xml version="1.0" encoding="UTF-8"?>
<!-- Generated by org.testng.reporters.JUnitReportReporter -->
<testsuite hostname="LAPTOP-5KMFOFH9" failures="0" tests="1" name="com.webTesting.WebElementScenarios.WebTableAutomation" time="9.821" errors="0" timestamp="2024-10-24T19:44:41 IST" skipped="0">
  <testcase classname="com.webTesting.WebElementScenarios.WebTableAutomation" name="dynamicTable" time="9.821"/>
  <system-out/>
</testsuite> <!-- com.webTesting.WebElementScenarios.WebTableAutomation -->
