<?xml version="1.0" encoding="UTF-8"?>
<!-- Generated by org.testng.reporters.JUnitReportReporter -->
<testsuite hostname="LAPTOP-5KMFOFH9" failures="0" tests="1" name="com.TestNG.DataPassing.ExcelFileReading" time="1.034" errors="0" timestamp="2024-11-25T19:45:58 IST" skipped="0">
  <testcase classname="com.TestNG.DataPassing.ExcelFileReading" name="fileRead" time="1.034"/>
  <system-out/>
</testsuite> <!-- com.TestNG.DataPassing.ExcelFileReading -->
