<?xml version="1.0" encoding="UTF-8"?>
<!-- Generated by org.testng.reporters.JUnitReportReporter -->
<testsuite hostname="LAPTOP-5KMFOFH9" failures="0" tests="1" name="com.seleniumWait.ExplicitWaitUsingWebDriverWaitClass" time="12.985" errors="0" timestamp="2024-11-13T19:43:24 IST" skipped="0">
  <testcase classname="com.seleniumWait.ExplicitWaitUsingWebDriverWaitClass" name="testWait" time="12.985"/>
  <system-out/>
</testsuite> <!-- com.seleniumWait.ExplicitWaitUsingWebDriverWaitClass -->
