<?xml version="1.0" encoding="UTF-8"?>
<!-- Generated by org.testng.reporters.JUnitReportReporter -->
<testsuite hostname="LAPTOP-5KMFOFH9" failures="0" tests="1" name="com.webTesting.WebElementScenarios.TestCalendar_RedBus" time="6.224" errors="0" timestamp="2024-10-18T19:41:13 IST" skipped="0">
  <testcase classname="com.webTesting.WebElementScenarios.TestCalendar_RedBus" name="testCalendar" time="6.224"/>
  <system-out/>
</testsuite> <!-- com.webTesting.WebElementScenarios.TestCalendar_RedBus -->
