<?xml version="1.0" encoding="UTF-8"?>
<!-- Generated by org.testng.reporters.JUnitReportReporter -->
<testsuite hostname="LAPTOP-5KMFOFH9" failures="0" tests="3" name="com.TestNG.PageObjectUsingByLocator.LoginPageTest" time="2.108" errors="0" timestamp="2024-11-20T20:39:15 IST" skipped="0">
  <testcase classname="com.TestNG.PageObjectUsingByLocator.LoginPageTest" name="validateUrl" time="0.028"/>
  <system-out/>
  <testcase classname="com.TestNG.PageObjectUsingByLocator.LoginPageTest" name="validateTitle" time="0.015"/>
  <system-out/>
  <testcase classname="com.TestNG.PageObjectUsingByLocator.LoginPageTest" name="validateLogin" time="2.065"/>
  <system-out/>
</testsuite> <!-- com.TestNG.PageObjectUsingByLocator.LoginPageTest -->
