<?xml version="1.0" encoding="UTF-8"?>
<!-- Generated by org.testng.reporters.JUnitReportReporter -->
<testsuite hostname="LAPTOP-5KMFOFH9" failures="0" tests="1" name="com.webTesting.WebElementScenarios.RedbusDropdownAutomation" time="5.624" errors="0" timestamp="2024-10-15T19:37:24 IST" skipped="0">
  <testcase classname="com.webTesting.WebElementScenarios.RedbusDropdownAutomation" name="testDropdown" time="5.624"/>
  <system-out/>
</testsuite> <!-- com.webTesting.WebElementScenarios.RedbusDropdownAutomation -->
