<?xml version="1.0" encoding="UTF-8"?>
<!-- Generated by org.testng.reporters.JUnitReportReporter -->
<testsuite hostname="LAPTOP-5KMFOFH9" failures="0" tests="1" name="com.webTesting.WebElementScenarios.WebTableAutomation" time="7.646" errors="0" timestamp="2024-10-28T19:14:10 IST" skipped="0">
  <testcase classname="com.webTesting.WebElementScenarios.WebTableAutomation" name="testPeginationTable" time="7.646"/>
  <system-out/>
</testsuite> <!-- com.webTesting.WebElementScenarios.WebTableAutomation -->
