<?xml version="1.0" encoding="UTF-8"?>
<!-- Generated by org.testng.reporters.JUnitReportReporter -->
<testsuite hostname="LAPTOP-5KMFOFH9" failures="0" tests="1" name="com.webTesting.WebElementScenarios.AlertHandling" time="13.147" errors="0" timestamp="2024-10-21T19:14:29 IST" skipped="0">
  <testcase classname="com.webTesting.WebElementScenarios.AlertHandling" name="testAlert" time="13.147"/>
  <system-out/>
</testsuite> <!-- com.webTesting.WebElementScenarios.AlertHandling -->
