<?xml version="1.0" encoding="UTF-8"?>
<!-- Generated by org.testng.reporters.JUnitReportReporter -->
<testsuite hostname="LAPTOP-5KMFOFH9" failures="0" tests="1" name="com.webTesting.WebElementScenarios.FrameHandling" time="6.684" errors="0" timestamp="2024-10-21T19:47:39 IST" skipped="0">
  <testcase classname="com.webTesting.WebElementScenarios.FrameHandling" name="frameTest" time="6.684"/>
  <system-out/>
</testsuite> <!-- com.webTesting.WebElementScenarios.FrameHandling -->
