<?xml version="1.0" encoding="UTF-8"?>
<!-- Generated by org.testng.reporters.JUnitReportReporter -->
<testsuite hostname="LAPTOP-5KMFOFH9" failures="0" tests="3" name="com.SwagLab.TestCases.CartTest" time="5.473" errors="0" timestamp="2024-11-28T20:01:56 IST" skipped="0">
  <testcase classname="com.SwagLab.TestCases.CartTest" name="validateProductRemove" time="0.161"/>
  <system-out/>
  <testcase classname="com.SwagLab.TestCases.CartTest" name="validateContinueShopping" time="5.086"/>
  <system-out/>
  <testcase classname="com.SwagLab.TestCases.CartTest" name="validateLaunchingOfCheckOutPage" time="0.226"/>
  <system-out/>
</testsuite> <!-- com.SwagLab.TestCases.CartTest -->
