<?xml version="1.0" encoding="UTF-8"?>
<!-- Generated by org.testng.reporters.JUnitReportReporter -->
<testsuite hostname="LAPTOP-5KMFOFH9" failures="0" tests="1" name="com.testReports.ExtentReportDemo" time="0.672" errors="0" timestamp="2024-12-05T20:06:28 IST" skipped="0">
  <testcase classname="com.testReports.ExtentReportDemo" name="testReport" time="0.672"/>
  <system-out/>
</testsuite> <!-- com.testReports.ExtentReportDemo -->
