<?xml version="1.0" encoding="UTF-8"?>
<!-- Generated by org.testng.reporters.JUnitReportReporter -->
<testsuite hostname="LAPTOP-5KMFOFH9" failures="0" tests="2" name="com.TestNG.Annotation.RealTimeUseOfAnnotation" time="2.238" errors="0" timestamp="2024-11-18T19:34:55 IST" skipped="0">
  <testcase classname="com.TestNG.Annotation.RealTimeUseOfAnnotation" name="validateSignIn" time="1.131"/>
  <system-out/>
  <testcase classname="com.TestNG.Annotation.RealTimeUseOfAnnotation" name="validateLogin" time="1.107"/>
  <system-out/>
</testsuite> <!-- com.TestNG.Annotation.RealTimeUseOfAnnotation -->
