<?xml version="1.0" encoding="UTF-8"?>
<!-- Generated by org.testng.reporters.JUnitReportReporter -->
<testsuite hostname="LAPTOP-5KMFOFH9" failures="0" tests="2" name="com.TestNG.TestDemo1" time="0.017" errors="0" timestamp="2024-11-15T19:44:41 IST" skipped="0">
  <testcase classname="com.TestNG.TestDemo1" name="testCase2" time="0.001"/>
  <system-out/>
  <testcase classname="com.TestNG.TestDemo1" name="testCase1" time="0.016"/>
  <system-out/>
</testsuite> <!-- com.TestNG.TestDemo1 -->
