<?xml version="1.0" encoding="UTF-8"?>
<!-- Generated by org.testng.reporters.JUnitReportReporter -->
<testsuite hostname="LAPTOP-5KMFOFH9" failures="0" tests="1" name="com.ActionsClass.JavaScriptExecutorTest" time="15.364" errors="0" timestamp="2024-11-14T19:52:58 IST" skipped="0">
  <testcase classname="com.ActionsClass.JavaScriptExecutorTest" name="testScroll" time="15.364"/>
  <system-out/>
</testsuite> <!-- com.ActionsClass.JavaScriptExecutorTest -->
