<?xml version="1.0" encoding="UTF-8"?>
<!-- Generated by org.testng.reporters.JUnitReportReporter -->
<testsuite hostname="LAPTOP-5KMFOFH9" failures="0" tests="4" name="com.TestNG.Annotation.ClassB" time="0.005" errors="0" timestamp="2024-11-18T19:45:43 IST" skipped="0">
  <testcase classname="com.TestNG.Annotation.ClassB" name="testCase4" time="0.001"/>
  <system-out/>
  <testcase classname="com.TestNG.Annotation.ClassB" name="testCase3" time="0.002"/>
  <system-out/>
  <testcase classname="com.TestNG.Annotation.ClassB" name="testCase3" time="0.001"/>
  <system-out/>
  <testcase classname="com.TestNG.Annotation.ClassB" name="testCase4" time="0.001"/>
  <system-out/>
</testsuite> <!-- com.TestNG.Annotation.ClassB -->
