<?xml version="1.0" encoding="UTF-8"?>
<!-- Generated by org.testng.reporters.JUnitReportReporter -->
<testsuite hostname="LAPTOP-5KMFOFH9" failures="0" tests="1" name="com.Capability.RedbusNotification" time="4.761" errors="0" timestamp="2024-10-23T19:12:51 IST" skipped="0">
  <testcase classname="com.Capability.RedbusNotification" name="testApp" time="4.761"/>
  <system-out/>
</testsuite> <!-- com.Capability.RedbusNotification -->
