<?xml version="1.0" encoding="UTF-8"?>
<!-- Generated by org.testng.reporters.JUnitReportReporter -->
<testsuite hostname="LAPTOP-5KMFOFH9" failures="0" tests="4" name="com.TestNG.TestDemo2" time="0.007" errors="0" timestamp="2024-11-15T19:44:41 IST" skipped="0">
  <testcase classname="com.TestNG.TestDemo2" name="registerTest" time="0.000"/>
  <system-out/>
  <testcase classname="com.TestNG.TestDemo2" name="loginTest" time="0.002"/>
  <system-out/>
  <testcase classname="com.TestNG.TestDemo2" name="searchProductTest" time="0.003"/>
  <system-out/>
  <testcase classname="com.TestNG.TestDemo2" name="addTocartTest" time="0.002"/>
  <system-out/>
</testsuite> <!-- com.TestNG.TestDemo2 -->
