<?xml version="1.0" encoding="UTF-8"?>
<!-- Generated by org.testng.reporters.JUnitReportReporter -->
<testsuite hostname="LAPTOP-5KMFOFH9" failures="0" tests="4" name="com.TestNG.Annotation.ClassA" time="0.011" errors="0" timestamp="2024-11-18T19:45:43 IST" skipped="0">
  <testcase classname="com.TestNG.Annotation.ClassA" name="testCase1" time="0.001"/>
  <system-out/>
  <testcase classname="com.TestNG.Annotation.ClassA" name="testCase2" time="0.002"/>
  <system-out/>
  <testcase classname="com.TestNG.Annotation.ClassA" name="testCase1" time="0.007"/>
  <system-out/>
  <testcase classname="com.TestNG.Annotation.ClassA" name="testCase2" time="0.001"/>
  <system-out/>
</testsuite> <!-- com.TestNG.Annotation.ClassA -->
