<?xml version="1.0" encoding="UTF-8"?>
<!-- Generated by org.testng.reporters.JUnitReportReporter -->
<testsuite hostname="LAPTOP-5KMFOFH9" failures="0" tests="1" name="com.TestNG.DataPassing.HrmDataReadFRomPropertiesFile" time="8.892" errors="0" timestamp="2024-11-22T19:29:22 IST" skipped="0">
  <testcase classname="com.TestNG.DataPassing.HrmDataReadFRomPropertiesFile" name="loginTest" time="8.892"/>
  <system-out/>
</testsuite> <!-- com.TestNG.DataPassing.HrmDataReadFRomPropertiesFile -->
