<?xml version="1.0" encoding="UTF-8"?>
<!-- Generated by org.testng.reporters.JUnitReportReporter -->
<testsuite hostname="LAPTOP-5KMFOFH9" failures="0" tests="5" name="com.TestNG.InvocationCountArgument" time="0.011" errors="0" timestamp="2024-11-15T19:44:41 IST" skipped="0">
  <testcase classname="com.TestNG.InvocationCountArgument" name="testCase3" time="0.002"/>
  <system-out/>
  <testcase classname="com.TestNG.InvocationCountArgument" name="testCase2" time="0.002"/>
  <system-out/>
  <testcase classname="com.TestNG.InvocationCountArgument" name="testCase2" time="0.002"/>
  <system-out/>
  <testcase classname="com.TestNG.InvocationCountArgument" name="testCase1" time="0.004"/>
  <system-out/>
  <testcase classname="com.TestNG.InvocationCountArgument" name="testCase2" time="0.001"/>
  <system-out/>
</testsuite> <!-- com.TestNG.InvocationCountArgument -->
