<?xml version="1.0" encoding="UTF-8"?>
<!-- Generated by org.testng.reporters.JUnitReportReporter -->
<testsuite hostname="LAPTOP-5KMFOFH9" failures="0" tests="4" name="com.DataDrivenTesting.DataDrivenUsingArray" time="0.011" errors="0" timestamp="2024-11-25T19:08:42 IST" skipped="0">
  <testcase classname="com.DataDrivenTesting.DataDrivenUsingArray" name="loginTest" time="0.001"/>
  <system-out/>
  <testcase classname="com.DataDrivenTesting.DataDrivenUsingArray" name="loginTest" time="0.001"/>
  <system-out/>
  <testcase classname="com.DataDrivenTesting.DataDrivenUsingArray" name="loginTest" time="0.006"/>
  <system-out/>
  <testcase classname="com.DataDrivenTesting.DataDrivenUsingArray" name="loginTest" time="0.003"/>
  <system-out/>
</testsuite> <!-- com.DataDrivenTesting.DataDrivenUsingArray -->
