<?xml version="1.0" encoding="UTF-8"?>
<!-- Generated by org.testng.reporters.JUnitReportReporter -->
<testsuite hostname="LAPTOP-5KMFOFH9" failures="0" tests="1" name="com.webTesting.WebElementScenarios.MultipleWindowHandling" time="18.255" errors="0" timestamp="2024-10-17T19:46:10 IST" skipped="0">
  <testcase classname="com.webTesting.WebElementScenarios.MultipleWindowHandling" name="testWindow" time="18.255"/>
  <system-out/>
</testsuite> <!-- com.webTesting.WebElementScenarios.MultipleWindowHandling -->
