<?xml version="1.0" encoding="UTF-8"?>
<!-- Generated by org.testng.reporters.JUnitReportReporter -->
<testsuite hostname="LAPTOP-5KMFOFH9" failures="0" tests="1" name="com.seleniumWait.ExplicitWaitUsingFluentWaitClass" time="11.523" errors="0" timestamp="2024-11-13T19:49:45 IST" skipped="0">
  <testcase classname="com.seleniumWait.ExplicitWaitUsingFluentWaitClass" name="f" time="11.523"/>
  <system-out/>
</testsuite> <!-- com.seleniumWait.ExplicitWaitUsingFluentWaitClass -->
