<?xml version="1.0" encoding="UTF-8"?>
<!-- Generated by org.testng.reporters.JUnitReportReporter -->
<testsuite hostname="LAPTOP-5KMFOFH9" failures="0" tests="1" name="com.ActionsClass.SliderTest" time="4.493" errors="0" timestamp="2024-10-29T19:28:52 IST" skipped="0">
  <testcase classname="com.ActionsClass.SliderTest" name="testSlider" time="4.493"/>
  <system-out/>
</testsuite> <!-- com.ActionsClass.SliderTest -->
