<?xml version="1.0" encoding="UTF-8"?>
<!-- Generated by org.testng.reporters.JUnitReportReporter -->
<testsuite hostname="LAPTOP-5KMFOFH9" failures="0" tests="1" name="com.ActionsClass.RightClickAction" time="7.454" errors="0" timestamp="2024-11-26T19:22:31 IST" skipped="0">
  <testcase classname="com.ActionsClass.RightClickAction" name="testAction" time="7.454"/>
  <system-out/>
</testsuite> <!-- com.ActionsClass.RightClickAction -->
