<?xml version="1.0" encoding="UTF-8"?>
<!-- Generated by org.testng.reporters.JUnitReportReporter -->
<testsuite hostname="LAPTOP-5KMFOFH9" failures="0" tests="1" name="com.DataDrivenTesting.ScreenshotTest" time="4.459" errors="0" timestamp="2024-11-26T19:18:06 IST" skipped="0">
  <testcase classname="com.DataDrivenTesting.ScreenshotTest" name="testScrenshot" time="4.459"/>
  <system-out/>
</testsuite> <!-- com.DataDrivenTesting.ScreenshotTest -->
