<?xml version="1.0" encoding="UTF-8"?>
<!-- Generated by org.testng.reporters.JUnitReportReporter -->
<testsuite hostname="LAPTOP-5KMFOFH9" failures="0" tests="1" name="com.webTesting.WebElementScenarios.GoibiboCalendarTest" time="7.912" errors="0" timestamp="2024-10-18T19:55:36 IST" skipped="0">
  <testcase classname="com.webTesting.WebElementScenarios.GoibiboCalendarTest" name="testCalendar" time="7.912"/>
  <system-out/>
</testsuite> <!-- com.webTesting.WebElementScenarios.GoibiboCalendarTest -->
