<?xml version="1.0" encoding="UTF-8"?>
<!-- Generated by org.testng.reporters.JUnitReportReporter -->
<testsuite hostname="LAPTOP-5KMFOFH9" failures="0" tests="1" name="com.webTesting.WebElementScenarios.Amazon_DropdownAutomation" time="6.243" errors="0" timestamp="2024-10-15T19:24:06 IST" skipped="0">
  <testcase classname="com.webTesting.WebElementScenarios.Amazon_DropdownAutomation" name="testCase1" time="6.243"/>
  <system-out/>
</testsuite> <!-- com.webTesting.WebElementScenarios.Amazon_DropdownAutomation -->
