<?xml version="1.0" encoding="UTF-8"?>
<!-- Generated by org.testng.reporters.JUnitReportReporter -->
<testsuite hostname="LAPTOP-5KMFOFH9" failures="0" tests="4" name="com.SwagLab.TestCases.InventoryTest" time="0.665" errors="0" timestamp="2024-11-28T20:01:56 IST" skipped="0">
  <testcase classname="com.SwagLab.TestCases.InventoryTest" name="validateTotalProducts" time="0.029"/>
  <system-out/>
  <testcase classname="com.SwagLab.TestCases.InventoryTest" name="validateProductsDetails" time="0.159"/>
  <system-out/>
  <testcase classname="com.SwagLab.TestCases.InventoryTest" name="validateAddTocartFeature" time="0.348"/>
  <system-out/>
  <testcase classname="com.SwagLab.TestCases.InventoryTest" name="validateLaunchingOfCartPage" time="0.129"/>
  <system-out/>
</testsuite> <!-- com.SwagLab.TestCases.InventoryTest -->
