<?xml version="1.0" encoding="UTF-8"?>
<!-- Generated by org.testng.reporters.JUnitReportReporter -->
<testsuite hostname="LAPTOP-5KMFOFH9" failures="0" tests="1" name="com.ActionsClass.DoubleClickAction" time="4.678" errors="0" timestamp="2024-10-28T19:45:05 IST" skipped="0">
  <testcase classname="com.ActionsClass.DoubleClickAction" name="testAction" time="4.678"/>
  <system-out/>
</testsuite> <!-- com.ActionsClass.DoubleClickAction -->
