<?xml version="1.0" encoding="UTF-8"?>
<!-- Generated by org.testng.reporters.JUnitReportReporter -->
<testsuite hostname="LAPTOP-5KMFOFH9" failures="0" tests="1" name="com.TestNG.DataPassing.PropertiesFileReading" time="0.016" errors="0" timestamp="2024-11-22T19:19:42 IST" skipped="0">
  <testcase classname="com.TestNG.DataPassing.PropertiesFileReading" name="testReading" time="0.016"/>
  <system-out/>
</testsuite> <!-- com.TestNG.DataPassing.PropertiesFileReading -->
