<?xml version="1.0" encoding="UTF-8"?>
<!-- Generated by org.testng.reporters.JUnitReportReporter -->
<testsuite hostname="LAPTOP-5KMFOFH9" failures="0" tests="1" name="com.ActionsClass.DragandDropAction" time="8.319" errors="0" timestamp="2024-10-29T19:18:20 IST" skipped="0">
  <testcase classname="com.ActionsClass.DragandDropAction" name="testDragandDrop" time="8.319"/>
  <system-out/>
</testsuite> <!-- com.ActionsClass.DragandDropAction -->
