<?xml version="1.0" encoding="UTF-8"?>
<!-- Generated by org.testng.reporters.JUnitReportReporter -->
<testsuite hostname="LAPTOP-5KMFOFH9" failures="0" tests="4" name="com.DataDrivenTesting.DataDrivenUsingArray" time="0.018" errors="0" timestamp="2024-11-22T19:49:13 IST" skipped="0">
  <testcase classname="com.DataDrivenTesting.DataDrivenUsingArray" name="loginTest" time="0.003"/>
  <system-out/>
  <testcase classname="com.DataDrivenTesting.DataDrivenUsingArray" name="loginTest" time="0.002"/>
  <system-out/>
  <testcase classname="com.DataDrivenTesting.DataDrivenUsingArray" name="loginTest" time="0.011"/>
  <system-out/>
  <testcase classname="com.DataDrivenTesting.DataDrivenUsingArray" name="loginTest" time="0.002"/>
  <system-out/>
</testsuite> <!-- com.DataDrivenTesting.DataDrivenUsingArray -->
