<?xml version="1.0" encoding="UTF-8"?>
<!-- Generated by org.testng.reporters.JUnitReportReporter -->
<testsuite hostname="LAPTOP-5KMFOFH9" failures="0" tests="1" name="com.webTesting.WebElementScenarios.GoogleSearchScenario" time="7.384" errors="0" timestamp="2024-10-15T19:45:33 IST" skipped="0">
  <testcase classname="com.webTesting.WebElementScenarios.GoogleSearchScenario" name="testSearch" time="7.384"/>
  <system-out/>
</testsuite> <!-- com.webTesting.WebElementScenarios.GoogleSearchScenario -->
