<?xml version="1.0" encoding="UTF-8"?>
<!-- Generated by org.testng.reporters.JUnitReportReporter -->
<testsuite hostname="LAPTOP-5KMFOFH9" failures="0" tests="1" name="com.TestNG.DataPassing.DataPassingUsingXml" time="9.290" errors="0" timestamp="2024-11-20T20:33:32 IST" skipped="0">
  <testcase classname="com.TestNG.DataPassing.DataPassingUsingXml" name="login" time="9.290"/>
  <system-out/>
</testsuite> <!-- com.TestNG.DataPassing.DataPassingUsingXml -->
