<?xml version="1.0" encoding="UTF-8"?>
<!-- Generated by org.testng.reporters.JUnitReportReporter -->
<testsuite hostname="LAPTOP-5KMFOFH9" failures="0" tests="2" name="com.TestNG.PageObjectUsingPageFactory.NewLoginPageTest" time="2.627" errors="0" timestamp="2024-11-20T20:14:02 IST" skipped="0">
  <testcase classname="com.TestNG.PageObjectUsingPageFactory.NewLoginPageTest" name="validateUrl" time="0.018"/>
  <system-out/>
  <testcase classname="com.TestNG.PageObjectUsingPageFactory.NewLoginPageTest" name="validateLogin" time="2.609"/>
  <system-out/>
</testsuite> <!-- com.TestNG.PageObjectUsingPageFactory.NewLoginPageTest -->
