<?xml version="1.0" encoding="UTF-8"?>
<!-- Generated by org.testng.reporters.JUnitReportReporter -->
<testsuite hostname="LAPTOP-5KMFOFH9" failures="0" tests="3" name="com.TestNG.DisableTestFromExecution" time="0.014" errors="0" timestamp="2024-11-15T19:49:39 IST" skipped="1">
  <testcase classname="com.TestNG.DisableTestFromExecution" name="registerTest" time="0.012"/>
  <system-out/>
  <testcase classname="com.TestNG.DisableTestFromExecution" name="loginTest" time="0.002"/>
  <system-out/>
  <testcase classname="com.TestNG.DisableTestFromExecution" name="addTocartTest">
    <skipped/>
  </testcase> <!-- addTocartTest -->
  <system-out/>
</testsuite> <!-- com.TestNG.DisableTestFromExecution -->
