<?xml version="1.0" encoding="UTF-8"?>
<!-- Generated by org.testng.reporters.JUnitReportReporter -->
<testsuite hostname="LAPTOP-5KMFOFH9" failures="0" tests="3" name="com.TestNG.AnnotationDemo" time="0.012" errors="0" timestamp="2024-11-18T19:16:34 IST" skipped="0">
  <testcase classname="com.TestNG.AnnotationDemo" name="testcase1" time="0.008"/>
  <system-out/>
  <testcase classname="com.TestNG.AnnotationDemo" name="testcase2" time="0.002"/>
  <system-out/>
  <testcase classname="com.TestNG.AnnotationDemo" name="testcase3" time="0.002"/>
  <system-out/>
</testsuite> <!-- com.TestNG.AnnotationDemo -->
