<?xml version="1.0" encoding="UTF-8"?>
<!-- Generated by org.testng.reporters.JUnitReportReporter -->
<testsuite hostname="LAPTOP-5KMFOFH9" failures="0" tests="3" name="com.SwagLab.TestCases.CartTest" time="5.244" errors="0" timestamp="2024-12-03T19:39:50 IST" skipped="0">
  <testcase classname="com.SwagLab.TestCases.CartTest" name="validateProductRemove" time="0.125"/>
  <system-out/>
  <testcase classname="com.SwagLab.TestCases.CartTest" name="validateContinueShopping" time="4.997"/>
  <system-out/>
  <testcase classname="com.SwagLab.TestCases.CartTest" name="validateLaunchingOfCheckOutPage" time="0.122"/>
  <system-out/>
</testsuite> <!-- com.SwagLab.TestCases.CartTest -->
