<?xml version="1.0" encoding="UTF-8"?>
<!-- Generated by org.testng.reporters.JUnitReportReporter -->
<testsuite hostname="LAPTOP-5KMFOFH9" failures="0" tests="3" name="com.SwagLab.TestCases.LoginPageTest" time="0.771" errors="0" timestamp="2024-12-03T19:39:50 IST" skipped="0">
  <testcase classname="com.SwagLab.TestCases.LoginPageTest" name="validateUrl" time="0.018"/>
  <system-out/>
  <testcase classname="com.SwagLab.TestCases.LoginPageTest" name="validateTitle" time="0.022"/>
  <system-out/>
  <testcase classname="com.SwagLab.TestCases.LoginPageTest" name="validateLogin" time="0.731"/>
  <system-out/>
</testsuite> <!-- com.SwagLab.TestCases.LoginPageTest -->
