<?xml version="1.0" encoding="UTF-8"?>
<!-- Generated by org.testng.reporters.JUnitReportReporter -->
<testsuite hostname="LAPTOP-5KMFOFH9" failures="0" tests="4" name="com.SwagLab.TestCases.InventoryTest" time="0.738" errors="0" timestamp="2024-12-03T19:39:50 IST" skipped="0">
  <testcase classname="com.SwagLab.TestCases.InventoryTest" name="validateTotalProducts" time="0.033"/>
  <system-out/>
  <testcase classname="com.SwagLab.TestCases.InventoryTest" name="validateProductsDetails" time="0.170"/>
  <system-out/>
  <testcase classname="com.SwagLab.TestCases.InventoryTest" name="validateAddTocartFeature" time="0.398"/>
  <system-out/>
  <testcase classname="com.SwagLab.TestCases.InventoryTest" name="validateLaunchingOfCartPage" time="0.137"/>
  <system-out/>
</testsuite> <!-- com.SwagLab.TestCases.InventoryTest -->
